Dimension:
10

Low cor:

Marginal coverage:
[0.849 0.905 0.948 0.9  ]

Probabiilty of getting finite prediction intervals
[0.998 0.978 0.986 0.998]

Informative coverage probability:
[0.848 0.903 0.947 0.9  ]

Lengths of informative intervals:
[0.346, 0.4, 0.479, 0.388]

Working groups number:
[6. 1. 3. 6.]

High cor:

Marginal coverage:
[0.926 0.96  0.98  0.914]

Probabiilty of getting finite prediction intervals
[0.832 0.536 0.444 0.921]

Informative coverage probability:
[0.912 0.926 0.955 0.906]

Lengths of informative intervals:
[0.417, 0.446, 0.515, 0.4]

Working groups number:
[6. 1. 3. 6.]
