Dimension:
50

Low cor:

Marginal coverage:
[0.8   0.903 0.955 0.913]

Probabiilty of getting finite prediction intervals
[0.999 0.96  0.937 0.999]

Informative coverage probability:
[0.8   0.899 0.952 0.913]

Lengths of informative intervals:
[3.094, 4.02, 4.577, 3.907]

Working groups number:
[6. 1. 3. 6.]

High cor:

Marginal coverage:
[0.968 0.982 0.982 0.902]

Probabiilty of getting finite prediction intervals
[0.457 0.236 0.236 0.906]

Informative coverage probability:
[0.931 0.924 0.924 0.892]

Lengths of informative intervals:
[4.461, 4.491, 4.491, 3.84]

Working groups number:
[6. 1. 1. 6.]
